<?xml version="1.0" encoding="UTF-8"?>
<!-- Generated by org.testng.reporters.JUnitReportReporter -->
<testsuite hostname="Meghanas-MacBook-Air.local" failures="0" tests="3" name="test.Demo4" time="0.001" errors="0" timestamp="2024-12-22T22:53:15 IST" skipped="1">
  <testcase classname="test.Demo4" name="apiLoginCarLoan" time="0.000"/>
  <system-out/>
  <testcase classname="test.Demo4" name="webLoginCarLoan" time="0.001"/>
  <system-out/>
  <testcase classname="test.Demo4" name="mobileLoginCarLoan">
    <skipped/>
  </testcase> <!-- mobileLoginCarLoan -->
  <system-out/>
</testsuite> <!-- test.Demo4 -->
