<?xml version="1.0" encoding="UTF-8"?>
<!-- Generated by org.testng.reporters.JUnitReportReporter -->
<testsuite hostname="Meghanas-MacBook-Air.local" failures="0" tests="2" name="test.Demo" time="0.004" errors="0" timestamp="2024-12-15T12:42:32 IST" skipped="0">
  <testcase classname="test.Demo" name="example1" time="0.004"/>
  <system-out/>
  <testcase classname="test.Demo" name="example2" time="0.000"/>
  <system-out/>
</testsuite> <!-- test.Demo -->
