<?xml version="1.0" encoding="UTF-8"?>
<!-- Generated by org.testng.reporters.JUnitReportReporter -->
<testsuite hostname="Meghanas-MacBook-Air.local" failures="0" tests="1" name="test.Demo2" time="0.001" errors="0" timestamp="2024-12-22T22:53:15 IST" skipped="0">
  <testcase classname="test.Demo2" name="ploan" time="0.001"/>
  <system-out/>
</testsuite> <!-- test.Demo2 -->
