<?xml version="1.0" encoding="UTF-8"?>
<!-- Generated by org.testng.reporters.JUnitReportReporter -->
<testsuite hostname="Meghanas-MacBook-Air.local" failures="0" tests="6" name="test.Demo3" time="0.007" errors="0" timestamp="2024-12-22T22:53:15 IST" skipped="0">
  <testcase classname="test.Demo3" name="mobileSigninHomeLoan" time="0.001"/>
  <system-out/>
  <testcase classname="test.Demo3" name="mobileSignoutHomeLoan" time="0.002"/>
  <system-out/>
  <testcase classname="test.Demo3" name="mobileSigninHomeLoan" time="0.001"/>
  <system-out/>
  <testcase classname="test.Demo3" name="mobileSigninHomeLoan" time="0.002"/>
  <system-out/>
  <testcase classname="test.Demo3" name="mobileLoginHomeLoan" time="0.000"/>
  <system-out/>
  <testcase classname="test.Demo3" name="webLoginHomeLoan" time="0.001"/>
  <system-out/>
</testsuite> <!-- test.Demo3 -->
